<?xml version="1.0" encoding="UTF-8"?>
<!-- Generated by org.testng.reporters.JUnitReportReporter -->
<testsuite skipped="0" hostname="DineshReddyC" name="com.realtime.sample.Priority" tests="5" failures="0" timestamp="14 Sep 2017 10:13:22 GMT" time="0.016" errors="0">
  <testcase name="method1" time="0.016" classname="com.realtime.sample.Priority"/>
  <testcase name="method2" time="0.000" classname="com.realtime.sample.Priority"/>
  <testcase name="method3" time="0.000" classname="com.realtime.sample.Priority"/>
  <testcase name="method4" time="0.000" classname="com.realtime.sample.Priority"/>
  <testcase name="method5" time="0.000" classname="com.realtime.sample.Priority"/>
</testsuite> <!-- com.realtime.sample.Priority -->
