<?xml version="1.0" encoding="UTF-8"?>
<!-- Generated by org.testng.reporters.JUnitReportReporter -->
<testsuite skipped="0" hostname="DineshReddyC" name="com.realtime.sample.Sample" tests="1" failures="0" timestamp="14 Sep 2017 09:32:48 GMT" time="0.022" errors="0">
  <testcase name="test" time="0.022" classname="com.realtime.sample.Sample"/>
</testsuite> <!-- com.realtime.sample.Sample -->
