<?xml version="1.0" encoding="UTF-8"?>
<!-- Generated by org.testng.reporters.JUnitReportReporter -->
<testsuite skipped="0" hostname="DineshReddyC" name="com.realtime.sample.AssertandVerify" tests="1" failures="0" timestamp="14 Sep 2017 11:09:55 GMT" time="0.016" errors="0">
  <testcase name="testAssert" time="0.016" classname="com.realtime.sample.AssertandVerify"/>
</testsuite> <!-- com.realtime.sample.AssertandVerify -->
