<?xml version="1.0" encoding="UTF-8"?>
<!-- Generated by org.testng.reporters.JUnitReportReporter -->
<testsuite skipped="0" hostname="DineshReddyC" name="com.realtime.sample.SecondfirstTest" tests="1" failures="0" timestamp="14 Sep 2017 10:32:25 GMT" time="0.004" errors="0">
  <testcase name="method1" time="0.004" classname="com.realtime.sample.SecondfirstTest"/>
</testsuite> <!-- com.realtime.sample.SecondfirstTest -->
