<?xml version="1.0" encoding="UTF-8"?>
<!-- Generated by org.testng.reporters.JUnitReportReporter -->
<testsuite skipped="0" hostname="DineshReddyC" name="com.realtime.sample.Parametertestng" tests="1" failures="0" timestamp="14 Sep 2017 10:49:53 GMT" time="0.016" errors="0">
  <testcase name="methodParameter" time="0.016" classname="com.realtime.sample.Parametertestng"/>
</testsuite> <!-- com.realtime.sample.Parametertestng -->
