<?xml version="1.0" encoding="UTF-8"?>
<!-- Generated by org.testng.reporters.JUnitReportReporter -->
<testsuite skipped="0" hostname="DineshReddyC" name="com.realtime.sample.OpenBrowser" tests="1" failures="0" timestamp="14 Sep 2017 09:42:27 GMT" time="11.597" errors="0">
  <testcase name="openBrowser" time="11.597" classname="com.realtime.sample.OpenBrowser"/>
</testsuite> <!-- com.realtime.sample.OpenBrowser -->
