<?xml version="1.0" encoding="UTF-8"?>
<!-- Generated by org.testng.reporters.JUnitReportReporter -->
<testsuite skipped="0" hostname="DineshReddyC" name="com.realtime.sample.Reports" tests="3" failures="0" timestamp="16 Sep 2017 09:47:05 GMT" time="0.033" errors="0">
  <testcase name="testreport2" time="0.001" classname="com.realtime.sample.Reports"/>
  <testcase name="testreport1" time="0.016" classname="com.realtime.sample.Reports"/>
  <testcase name="testreport3" time="0.016" classname="com.realtime.sample.Reports"/>
</testsuite> <!-- com.realtime.sample.Reports -->
