<?xml version="1.0" encoding="UTF-8"?>
<!-- Generated by org.testng.reporters.JUnitReportReporter -->
<testsuite skipped="0" hostname="DineshReddyC" name="com.realtime.sample.NavigateBrowser" tests="2" failures="0" timestamp="14 Sep 2017 09:58:37 GMT" time="0.269" errors="0">
  <testcase name="enterUserDetails" time="0.146" classname="com.realtime.sample.NavigateBrowser"/>
  <testcase name="enterPassword" time="0.123" classname="com.realtime.sample.NavigateBrowser"/>
</testsuite> <!-- com.realtime.sample.NavigateBrowser -->
