<?xml version="1.0" encoding="UTF-8"?>
<!-- Generated by org.testng.reporters.JUnitReportReporter -->
<testsuite skipped="0" hostname="DineshReddyC" name="com.realtime.sample.FirstTest" tests="5" failures="0" timestamp="14 Sep 2017 10:36:19 GMT" time="0.048" errors="0">
  <testcase name="method5" time="0.006" classname="com.realtime.sample.FirstTest"/>
  <testcase name="method1" time="0.000" classname="com.realtime.sample.FirstTest"/>
  <testcase name="method2" time="0.016" classname="com.realtime.sample.FirstTest"/>
  <testcase name="method3" time="0.026" classname="com.realtime.sample.FirstTest"/>
  <testcase name="method4" time="0.000" classname="com.realtime.sample.FirstTest"/>
</testsuite> <!-- com.realtime.sample.FirstTest -->
